<?xml version="1.0" encoding="UTF-8"?>
<!-- Generated by org.testng.reporters.JUnitReportReporter -->
<testsuite hostname="DESKTOP-FCV5DCP" failures="0" tests="3" name="com.qa.Testpages.Pagefactrory" time="11.564" errors="0" timestamp="11 Sep 2019 17:34:48 GMT" skipped="0">
  <testcase classname="com.qa.Testpages.Pagefactrory" name="testpagetitle" time="5.376"/>
  <testcase classname="com.qa.Testpages.Pagefactrory" name="logotest" time="5.131"/>
  <testcase classname="com.qa.Testpages.Pagefactrory" name="errormsg" time="1.057"/>
</testsuite> <!-- com.qa.Testpages.Pagefactrory -->
