<?xml version="1.0" encoding="UTF-8"?>
<!-- Generated by org.testng.reporters.JUnitReportReporter -->
<testsuite hostname="DESKTOP-FCV5DCP" failures="0" tests="1" name="com.qa.interviewtest.readandwriteexcel" time="45.326" errors="0" timestamp="12 Sep 2019 17:45:58 GMT" skipped="0">
  <testcase classname="com.qa.interviewtest.readandwriteexcel" name="initials" time="45.326"/>
</testsuite> <!-- com.qa.interviewtest.readandwriteexcel -->
