<?xml version="1.0" encoding="UTF-8"?>
<!-- Generated by org.testng.reporters.JUnitReportReporter -->
<testsuite hostname="DESKTOP-FCV5DCP" failures="0" tests="5" name="com.qa.Testpages.TestLoginPage" time="55.869" errors="0" timestamp="17 Jun 2019 15:56:50 GMT" skipped="0">
  <testcase classname="com.qa.Testpages.TestLoginPage" name="Testloginpage" time="34.748"/>
  <testcase classname="com.qa.Testpages.TestLoginPage" name="Testpagetitle" time="1.356"/>
  <testcase classname="com.qa.Testpages.TestLoginPage" name="Testlogodisplay" time="0.597"/>
  <testcase classname="com.qa.Testpages.TestLoginPage" name="Testlogin" time="17.473"/>
  <testcase classname="com.qa.Testpages.TestLoginPage" name="Testloggedinuser" time="1.695"/>
</testsuite> <!-- com.qa.Testpages.TestLoginPage -->
